Start testing: Aug 18 20:22 IST
----------------------------------------------------------
1/1 Testing: RunFactorialTests
1/1 Test: RunFactorialTests
Command: "/home/anshbhargava/Desktop/cpp-training/week7/18-08-2025/prime_number_test/build/MyTests"
Directory: /home/anshbhargava/Desktop/cpp-training/week7/18-08-2025/prime_number_test/build
"RunFactorialTests" start time: Aug 18 20:22 IST
Output:
----------------------------------------------------------
Running main() from ./googletest/src/gtest_main.cc
[==========] Running 0 tests from 0 test suites.
[==========] 0 tests from 0 test suites ran. (0 ms total)
[  PASSED  ] 0 tests.
<end of output>
Test time =   0.00 sec
----------------------------------------------------------
Test Passed.
"RunFactorialTests" end time: Aug 18 20:22 IST
"RunFactorialTests" time elapsed: 00:00:00
----------------------------------------------------------

End testing: Aug 18 20:22 IST
