Start testing: Aug 19 14:46 IST
----------------------------------------------------------
1/1 Testing: RunBankAccountTests
1/1 Test: RunBankAccountTests
Command: "/home/anshbhargava/Desktop/cpp-training/week7/19-08-2025/bank_account/build/MyTests"
Directory: /home/anshbhargava/Desktop/cpp-training/week7/19-08-2025/bank_account/build
"RunBankAccountTests" start time: Aug 19 14:46 IST
Output:
----------------------------------------------------------
[==========] Running 4 tests from 1 test suite.
[----------] Global test environment set-up.
[----------] 4 tests from BankingSystemTest
[ RUN      ] BankingSystemTest.InitialBalance
[       OK ] BankingSystemTest.InitialBalance (0 ms)
[ RUN      ] BankingSystemTest.DepositFund
[       OK ] BankingSystemTest.DepositFund (0 ms)
[ RUN      ] BankingSystemTest.WithdrawFund
[       OK ] BankingSystemTest.WithdrawFund (0 ms)
[ RUN      ] BankingSystemTest.CannotWithdrawMoreAmount
[       OK ] BankingSystemTest.CannotWithdrawMoreAmount (0 ms)
[----------] 4 tests from BankingSystemTest (0 ms total)

[----------] Global test environment tear-down
[==========] 4 tests from 1 test suite ran. (0 ms total)
[  PASSED  ] 4 tests.
<end of output>
Test time =   0.00 sec
----------------------------------------------------------
Test Passed.
"RunBankAccountTests" end time: Aug 19 14:46 IST
"RunBankAccountTests" time elapsed: 00:00:00
----------------------------------------------------------

End testing: Aug 19 14:46 IST
