Start testing: Aug 20 14:15 IST
----------------------------------------------------------
1/1 Testing: RunVectorTest
1/1 Test: RunVectorTest
Command: "/home/anshbhargava/Desktop/cpp-training/week7/20-08-2025/fixture_test/build/MyTests"
Directory: /home/anshbhargava/Desktop/cpp-training/week7/20-08-2025/fixture_test/build
"RunVectorTest" start time: Aug 20 14:15 IST
Output:
----------------------------------------------------------
[==========] Running 4 tests from 1 test suite.
[----------] Global test environment set-up.
[----------] 4 tests from VectorTest
[ RUN      ] VectorTest.SizeIsFive
[       OK ] VectorTest.SizeIsFive (0 ms)
[ RUN      ] VectorTest.ContainsElement
[       OK ] VectorTest.ContainsElement (0 ms)
[ RUN      ] VectorTest.RemoveElement
[       OK ] VectorTest.RemoveElement (0 ms)
[ RUN      ] VectorTest.PushBackIncreasesSize
[       OK ] VectorTest.PushBackIncreasesSize (0 ms)
[----------] 4 tests from VectorTest (0 ms total)

[----------] Global test environment tear-down
[==========] 4 tests from 1 test suite ran. (0 ms total)
[  PASSED  ] 4 tests.
<end of output>
Test time =   0.00 sec
----------------------------------------------------------
Test Passed.
"RunVectorTest" end time: Aug 20 14:15 IST
"RunVectorTest" time elapsed: 00:00:00
----------------------------------------------------------

End testing: Aug 20 14:15 IST
