Start testing: Aug 21 15:17 IST
----------------------------------------------------------
1/1 Testing: RunAllTests
1/1 Test: RunAllTests
Command: "/home/anshbhargava/Desktop/cpp-training/week7/21-08-2025/atm_machine/build/RunAllTests"
Directory: /home/anshbhargava/Desktop/cpp-training/week7/21-08-2025/atm_machine/build
"RunAllTests" start time: Aug 21 15:17 IST
Output:
----------------------------------------------------------
Running main() from ./googletest/src/gtest_main.cc
[==========] Running 2 tests from 1 test suite.
[----------] Global test environment set-up.
[----------] 2 tests from DefaultTest
[ RUN      ] DefaultTest.CanDeposit

GMOCK WARNING:
Uninteresting mock function call - returning directly.
    Function call: connect()
NOTE: You can safely ignore the above warning unless this call should not happen.  Do not suppress it by blindly adding an EXPECT_CALL() if you don't mean to enforce the call.  See https://github.com/google/googletest/blob/master/docs/gmock_cook_book.md#knowing-when-to-expect for details.

GMOCK WARNING:
Uninteresting mock function call - returning directly.
    Function call: credit(123456789, 2000)
NOTE: You can safely ignore the above warning unless this call should not happen.  Do not suppress it by blindly adding an EXPECT_CALL() if you don't mean to enforce the call.  See https://github.com/google/googletest/blob/master/docs/gmock_cook_book.md#knowing-when-to-expect for details.

GMOCK WARNING:
Uninteresting mock function call - returning directly.
    Function call: disconnect()
NOTE: You can safely ignore the above warning unless this call should not happen.  Do not suppress it by blindly adding an EXPECT_CALL() if you don't mean to enforce the call.  See https://github.com/google/googletest/blob/master/docs/gmock_cook_book.md#knowing-when-to-expect for details.
[       OK ] DefaultTest.CanDeposit (0 ms)
[ RUN      ] DefaultTest.CanWithdraw

GMOCK WARNING:
Uninteresting mock function call - returning directly.
    Function call: connect()
NOTE: You can safely ignore the above warning unless this call should not happen.  Do not suppress it by blindly adding an EXPECT_CALL() if you don't mean to enforce the call.  See https://github.com/google/googletest/blob/master/docs/gmock_cook_book.md#knowing-when-to-expect for details.

GMOCK WARNING:
Uninteresting mock function call - returning directly.
    Function call: debit(123456789, 1000)
NOTE: You can safely ignore the above warning unless this call should not happen.  Do not suppress it by blindly adding an EXPECT_CALL() if you don't mean to enforce the call.  See https://github.com/google/googletest/blob/master/docs/gmock_cook_book.md#knowing-when-to-expect for details.

GMOCK WARNING:
Uninteresting mock function call - returning directly.
    Function call: disconnect()
NOTE: You can safely ignore the above warning unless this call should not happen.  Do not suppress it by blindly adding an EXPECT_CALL() if you don't mean to enforce the call.  See https://github.com/google/googletest/blob/master/docs/gmock_cook_book.md#knowing-when-to-expect for details.

GMOCK WARNING:
Uninteresting mock function call - returning directly.
    Function call: connect()
NOTE: You can safely ignore the above warning unless this call should not happen.  Do not suppress it by blindly adding an EXPECT_CALL() if you don't mean to enforce the call.  See https://github.com/google/googletest/blob/master/docs/gmock_cook_book.md#knowing-when-to-expect for details.

GMOCK WARNING:
Uninteresting mock function call - returning directly.
    Function call: debit(123456789, 2000)
NOTE: You can safely ignore the above warning unless this call should not happen.  Do not suppress it by blindly adding an EXPECT_CALL() if you don't mean to enforce the call.  See https://github.com/google/googletest/blob/master/docs/gmock_cook_book.md#knowing-when-to-expect for details.

GMOCK WARNING:
Uninteresting mock function call - returning directly.
    Function call: disconnect()
NOTE: You can safely ignore the above warning unless this call should not happen.  Do not suppress it by blindly adding an EXPECT_CALL() if you don't mean to enforce the call.  See https://github.com/google/googletest/blob/master/docs/gmock_cook_book.md#knowing-when-to-expect for details.
[       OK ] DefaultTest.CanWithdraw (0 ms)
[----------] 2 tests from DefaultTest (0 ms total)

[----------] Global test environment tear-down
[==========] 2 tests from 1 test suite ran. (0 ms total)
[  PASSED  ] 2 tests.
<end of output>
Test time =   0.00 sec
----------------------------------------------------------
Test Passed.
"RunAllTests" end time: Aug 21 15:17 IST
"RunAllTests" time elapsed: 00:00:00
----------------------------------------------------------

End testing: Aug 21 15:17 IST
