Start testing: Aug 21 15:46 IST
----------------------------------------------------------
1/1 Testing: RunAllTests
1/1 Test: RunAllTests
Command: "/home/anshbhargava/Desktop/cpp-training/week7/21-08-2025/payment_gateway/build/RunAllTests"
Directory: /home/anshbhargava/Desktop/cpp-training/week7/21-08-2025/payment_gateway/build
"RunAllTests" start time: Aug 21 15:46 IST
Output:
----------------------------------------------------------
Running main() from ./googletest/src/gtest_main.cc
[==========] Running 3 tests from 1 test suite.
[----------] Global test environment set-up.
[----------] 3 tests from UserServiceTest
[ RUN      ] UserServiceTest.FailsWhenUsernameIsEmpty
[       OK ] UserServiceTest.FailsWhenUsernameIsEmpty (0 ms)
[ RUN      ] UserServiceTest.FailsIfUserSaveFails
[       OK ] UserServiceTest.FailsIfUserSaveFails (0 ms)
[ RUN      ] UserServiceTest.WelcomeMailOnRegisteration
[       OK ] UserServiceTest.WelcomeMailOnRegisteration (0 ms)
[----------] 3 tests from UserServiceTest (0 ms total)

[----------] Global test environment tear-down
[==========] 3 tests from 1 test suite ran. (0 ms total)
[  PASSED  ] 3 tests.
<end of output>
Test time =   0.00 sec
----------------------------------------------------------
Test Passed.
"RunAllTests" end time: Aug 21 15:46 IST
"RunAllTests" time elapsed: 00:00:00
----------------------------------------------------------

End testing: Aug 21 15:46 IST
